TN:
SF:src/modules/appointments/services/CreateAppointmentService.ts
FN:19,(anonymous_18)
FN:20,CreateAppointmentService
FN:25,(anonymous_20)
FNF:3
FNH:0
FNDA:0,(anonymous_18)
FNDA:0,CreateAppointmentService
FNDA:0,(anonymous_20)
DA:1,0
DA:2,0
DA:4,0
DA:19,0
DA:22,0
DA:25,0
DA:26,0
DA:29,0
DA:34,0
DA:35,0
DA:38,0
DA:43,0
DA:45,0
DA:47,0
LF:14
LH:0
BRDA:34,0,0,0
BRDA:34,0,1,0
BRF:2
BRH:0
end_of_record
TN:
SF:src/modules/users/services/AuthenticateUserService.ts
FN:26,(anonymous_18)
FN:27,AuthenticateUserService
FN:35,(anonymous_20)
FNF:3
FNH:0
FNDA:0,(anonymous_18)
FNDA:0,AuthenticateUserService
FNDA:0,(anonymous_20)
DA:1,0
DA:2,0
DA:3,0
DA:5,0
DA:26,0
DA:29,0
DA:32,0
DA:35,0
DA:37,0
DA:38,0
DA:41,0
DA:46,0
DA:47,0
DA:50,0
DA:52,0
DA:57,0
DA:59,0
LF:17
LH:0
BRDA:37,0,0,0
BRDA:38,1,0,0
BRDA:38,1,1,0
BRDA:46,2,0,0
BRDA:46,2,1,0
BRF:5
BRH:0
end_of_record
TN:
SF:src/modules/users/services/CreateUserService.ts
FN:20,(anonymous_18)
FN:21,CreateUserService
FN:29,(anonymous_20)
FNF:3
FNH:0
FNDA:0,(anonymous_18)
FNDA:0,CreateUserService
FNDA:0,(anonymous_20)
DA:1,0
DA:3,0
DA:20,0
DA:23,0
DA:26,0
DA:29,0
DA:31,0
DA:32,0
DA:35,0
DA:38,0
DA:44,0
DA:46,0
LF:12
LH:0
BRDA:31,0,0,0
BRDA:32,1,0,0
BRDA:32,1,1,0
BRF:3
BRH:0
end_of_record
TN:
SF:src/modules/users/services/ResetPasswordService.ts
FN:16,(anonymous_18)
FN:17,ResetPasswordService
FN:28,(anonymous_20)
FNF:3
FNH:0
FNDA:0,(anonymous_18)
FNDA:0,ResetPasswordService
FNDA:0,(anonymous_20)
DA:1,0
DA:2,0
DA:4,0
DA:16,0
DA:19,0
DA:22,0
DA:25,0
DA:28,0
DA:29,0
DA:30,0
DA:32,0
DA:33,0
DA:35,0
DA:36,0
DA:37,0
DA:39,0
DA:41,0
DA:43,0
LF:18
LH:0
BRDA:29,0,0,0
BRDA:30,1,0,0
BRDA:30,1,1,0
BRDA:33,2,0,0
BRDA:33,2,1,0
BRDA:37,3,0,0
BRDA:37,3,1,0
BRF:7
BRH:0
end_of_record
TN:
SF:src/modules/users/services/SendForgotPasswordEmailService.ts
FN:15,(anonymous_18)
FN:16,SendForgotPasswordEmailService
FN:27,(anonymous_20)
FNF:3
FNH:0
FNDA:0,(anonymous_18)
FNDA:0,SendForgotPasswordEmailService
FNDA:0,(anonymous_20)
DA:1,0
DA:2,0
DA:4,0
DA:15,0
DA:18,0
DA:21,0
DA:24,0
DA:27,0
DA:28,0
DA:30,0
DA:32,0
DA:34,0
DA:41,0
DA:56,0
LF:14
LH:0
BRDA:28,0,0,0
BRDA:30,1,0,0
BRDA:30,1,1,0
BRF:3
BRH:0
end_of_record
TN:
SF:src/modules/users/services/UpdateProfileService.ts
FN:19,(anonymous_18)
FN:20,UpdateProfile
FN:28,(anonymous_20)
FNF:3
FNH:3
FNDA:1,(anonymous_18)
FNDA:5,UpdateProfile
FNDA:5,(anonymous_20)
DA:1,1
DA:4,1
DA:19,1
DA:22,5
DA:25,5
DA:28,1
DA:29,5
DA:30,5
DA:31,5
DA:32,5
DA:33,5
DA:35,5
DA:37,5
DA:39,5
DA:40,5
DA:41,1
DA:44,4
DA:45,4
DA:47,4
DA:49,4
DA:50,2
DA:54,2
DA:56,1
DA:59,2
DA:61,1
LF:25
LH:25
BRDA:35,0,0,5
BRDA:35,0,1,2
BRDA:37,1,0,0
BRDA:37,1,1,5
BRDA:40,2,0,1
BRDA:40,2,1,4
BRDA:40,3,0,5
BRDA:40,3,1,1
BRDA:47,4,0,1
BRDA:47,4,1,3
BRDA:47,5,0,4
BRDA:47,5,1,3
BRDA:49,6,0,1
BRDA:49,6,1,2
BRDA:49,7,0,3
BRDA:49,7,1,2
BRDA:54,8,0,1
BRDA:54,8,1,1
BRF:18
BRH:17
end_of_record
TN:
SF:src/modules/users/services/UpdateUserAvatarService.ts
FN:15,(anonymous_18)
FN:16,UpdateUserAvatarService
FN:24,(anonymous_20)
FNF:3
FNH:0
FNDA:0,(anonymous_18)
FNDA:0,UpdateUserAvatarService
FNDA:0,(anonymous_20)
DA:1,0
DA:3,0
DA:15,0
DA:18,0
DA:21,0
DA:24,0
DA:26,0
DA:27,0
DA:28,0
DA:31,0
DA:34,0
DA:36,0
DA:37,0
DA:39,0
DA:41,0
LF:15
LH:0
BRDA:26,0,0,0
BRDA:26,0,1,0
BRDA:27,1,0,0
BRDA:27,1,1,0
BRDA:31,2,0,0
BRDA:31,2,1,0
BRF:6
BRH:0
end_of_record
